2026-02-01 18:57:19 +11:00: C:\Users\Deej\Repos\online-emu\server\node_modules\.bin\next:2
2026-02-01 18:57:19 +11:00: basedir=$(dirname "$(echo "$0" | sed -e 's,\\,/,g')")
2026-02-01 18:57:19 +11:00:           ^^^^^^^
2026-02-01 18:57:19 +11:00: 
2026-02-01 18:57:19 +11:00: SyntaxError: missing ) after argument list
2026-02-01 18:57:19 +11:00:     at wrapSafe (node:internal/modules/cjs/loader:1662:18)
2026-02-01 18:57:19 +11:00:     at Module._compile (node:internal/modules/cjs/loader:1704:20)
2026-02-01 18:57:19 +11:00:     at Object..js (node:internal/modules/cjs/loader:1895:10)
2026-02-01 18:57:19 +11:00:     at Module.load (node:internal/modules/cjs/loader:1465:32)
2026-02-01 18:57:19 +11:00:     at Function._load (node:internal/modules/cjs/loader:1282:12)
2026-02-01 18:57:19 +11:00:     at TracingChannel.traceSync (node:diagnostics_channel:322:14)
2026-02-01 18:57:19 +11:00:     at wrapModuleLoad (node:internal/modules/cjs/loader:235:24)
2026-02-01 18:57:19 +11:00:     at Function.executeUserEntryPoint [as runMain] (node:internal/modules/run_main:171:5)
2026-02-01 18:57:19 +11:00:     at node:internal/main/run_main_module:36:49
2026-02-01 18:57:19 +11:00: 
2026-02-01 18:57:19 +11:00: Node.js v22.16.0
2026-02-01 18:57:19 +11:00: C:\Users\Deej\Repos\online-emu\server\node_modules\.bin\next:2
2026-02-01 18:57:19 +11:00: basedir=$(dirname "$(echo "$0" | sed -e 's,\\,/,g')")
2026-02-01 18:57:19 +11:00:           ^^^^^^^
2026-02-01 18:57:19 +11:00: 
2026-02-01 18:57:19 +11:00: SyntaxError: missing ) after argument list
2026-02-01 18:57:19 +11:00:     at wrapSafe (node:internal/modules/cjs/loader:1662:18)
2026-02-01 18:57:19 +11:00:     at Module._compile (node:internal/modules/cjs/loader:1704:20)
2026-02-01 18:57:19 +11:00:     at Object..js (node:internal/modules/cjs/loader:1895:10)
2026-02-01 18:57:19 +11:00:     at Module.load (node:internal/modules/cjs/loader:1465:32)
2026-02-01 18:57:19 +11:00:     at Function._load (node:internal/modules/cjs/loader:1282:12)
2026-02-01 18:57:19 +11:00:     at TracingChannel.traceSync (node:diagnostics_channel:322:14)
2026-02-01 18:57:19 +11:00:     at wrapModuleLoad (node:internal/modules/cjs/loader:235:24)
2026-02-01 18:57:19 +11:00:     at Function.executeUserEntryPoint [as runMain] (node:internal/modules/run_main:171:5)
2026-02-01 18:57:19 +11:00:     at node:internal/main/run_main_module:36:49
2026-02-01 18:57:19 +11:00: 
2026-02-01 18:57:19 +11:00: Node.js v22.16.0
2026-02-01 18:57:19 +11:00: C:\Users\Deej\Repos\online-emu\server\node_modules\.bin\next:2
2026-02-01 18:57:19 +11:00: basedir=$(dirname "$(echo "$0" | sed -e 's,\\,/,g')")
2026-02-01 18:57:19 +11:00:           ^^^^^^^
2026-02-01 18:57:19 +11:00: 
2026-02-01 18:57:19 +11:00: SyntaxError: missing ) after argument list
2026-02-01 18:57:19 +11:00:     at wrapSafe (node:internal/modules/cjs/loader:1662:18)
2026-02-01 18:57:19 +11:00:     at Module._compile (node:internal/modules/cjs/loader:1704:20)
2026-02-01 18:57:19 +11:00:     at Object..js (node:internal/modules/cjs/loader:1895:10)
2026-02-01 18:57:19 +11:00:     at Module.load (node:internal/modules/cjs/loader:1465:32)
2026-02-01 18:57:19 +11:00:     at Function._load (node:internal/modules/cjs/loader:1282:12)
2026-02-01 18:57:19 +11:00:     at TracingChannel.traceSync (node:diagnostics_channel:322:14)
2026-02-01 18:57:19 +11:00:     at wrapModuleLoad (node:internal/modules/cjs/loader:235:24)
2026-02-01 18:57:19 +11:00:     at Function.executeUserEntryPoint [as runMain] (node:internal/modules/run_main:171:5)
2026-02-01 18:57:19 +11:00:     at node:internal/main/run_main_module:36:49
2026-02-01 18:57:19 +11:00: 
2026-02-01 18:57:19 +11:00: Node.js v22.16.0
2026-02-01 18:57:19 +11:00: C:\Users\Deej\Repos\online-emu\server\node_modules\.bin\next:2
2026-02-01 18:57:19 +11:00: basedir=$(dirname "$(echo "$0" | sed -e 's,\\,/,g')")
2026-02-01 18:57:19 +11:00:           ^^^^^^^
2026-02-01 18:57:19 +11:00: 
2026-02-01 18:57:19 +11:00: SyntaxError: missing ) after argument list
2026-02-01 18:57:19 +11:00:     at wrapSafe (node:internal/modules/cjs/loader:1662:18)
2026-02-01 18:57:19 +11:00:     at Module._compile (node:internal/modules/cjs/loader:1704:20)
2026-02-01 18:57:19 +11:00:     at Object..js (node:internal/modules/cjs/loader:1895:10)
2026-02-01 18:57:19 +11:00:     at Module.load (node:internal/modules/cjs/loader:1465:32)
2026-02-01 18:57:19 +11:00:     at Function._load (node:internal/modules/cjs/loader:1282:12)
2026-02-01 18:57:19 +11:00:     at TracingChannel.traceSync (node:diagnostics_channel:322:14)
2026-02-01 18:57:19 +11:00:     at wrapModuleLoad (node:internal/modules/cjs/loader:235:24)
2026-02-01 18:57:19 +11:00:     at Function.executeUserEntryPoint [as runMain] (node:internal/modules/run_main:171:5)
2026-02-01 18:57:19 +11:00:     at node:internal/main/run_main_module:36:49
2026-02-01 18:57:19 +11:00: 
2026-02-01 18:57:19 +11:00: Node.js v22.16.0
2026-02-01 18:57:19 +11:00: C:\Users\Deej\Repos\online-emu\server\node_modules\.bin\next:2
2026-02-01 18:57:19 +11:00: basedir=$(dirname "$(echo "$0" | sed -e 's,\\,/,g')")
2026-02-01 18:57:19 +11:00:           ^^^^^^^
2026-02-01 18:57:19 +11:00: 
2026-02-01 18:57:19 +11:00: SyntaxError: missing ) after argument list
2026-02-01 18:57:19 +11:00:     at wrapSafe (node:internal/modules/cjs/loader:1662:18)
2026-02-01 18:57:19 +11:00:     at Module._compile (node:internal/modules/cjs/loader:1704:20)
2026-02-01 18:57:19 +11:00:     at Object..js (node:internal/modules/cjs/loader:1895:10)
2026-02-01 18:57:19 +11:00:     at Module.load (node:internal/modules/cjs/loader:1465:32)
2026-02-01 18:57:19 +11:00:     at Function._load (node:internal/modules/cjs/loader:1282:12)
2026-02-01 18:57:19 +11:00:     at TracingChannel.traceSync (node:diagnostics_channel:322:14)
2026-02-01 18:57:19 +11:00:     at wrapModuleLoad (node:internal/modules/cjs/loader:235:24)
2026-02-01 18:57:19 +11:00:     at Function.executeUserEntryPoint [as runMain] (node:internal/modules/run_main:171:5)
2026-02-01 18:57:19 +11:00:     at node:internal/main/run_main_module:36:49
2026-02-01 18:57:19 +11:00: 
2026-02-01 18:57:19 +11:00: Node.js v22.16.0
2026-02-01 18:57:19 +11:00: C:\Users\Deej\Repos\online-emu\server\node_modules\.bin\next:2
2026-02-01 18:57:19 +11:00: basedir=$(dirname "$(echo "$0" | sed -e 's,\\,/,g')")
2026-02-01 18:57:19 +11:00:           ^^^^^^^
2026-02-01 18:57:19 +11:00: 
2026-02-01 18:57:19 +11:00: SyntaxError: missing ) after argument list
2026-02-01 18:57:19 +11:00:     at wrapSafe (node:internal/modules/cjs/loader:1662:18)
2026-02-01 18:57:19 +11:00:     at Module._compile (node:internal/modules/cjs/loader:1704:20)
2026-02-01 18:57:19 +11:00:     at Object..js (node:internal/modules/cjs/loader:1895:10)
2026-02-01 18:57:19 +11:00:     at Module.load (node:internal/modules/cjs/loader:1465:32)
2026-02-01 18:57:19 +11:00:     at Function._load (node:internal/modules/cjs/loader:1282:12)
2026-02-01 18:57:19 +11:00:     at TracingChannel.traceSync (node:diagnostics_channel:322:14)
2026-02-01 18:57:19 +11:00:     at wrapModuleLoad (node:internal/modules/cjs/loader:235:24)
2026-02-01 18:57:19 +11:00:     at Function.executeUserEntryPoint [as runMain] (node:internal/modules/run_main:171:5)
2026-02-01 18:57:19 +11:00:     at node:internal/main/run_main_module:36:49
2026-02-01 18:57:19 +11:00: 
2026-02-01 18:57:19 +11:00: Node.js v22.16.0
2026-02-01 18:57:19 +11:00: C:\Users\Deej\Repos\online-emu\server\node_modules\.bin\next:2
2026-02-01 18:57:19 +11:00: basedir=$(dirname "$(echo "$0" | sed -e 's,\\,/,g')")
2026-02-01 18:57:19 +11:00:           ^^^^^^^
2026-02-01 18:57:19 +11:00: 
2026-02-01 18:57:19 +11:00: SyntaxError: missing ) after argument list
2026-02-01 18:57:19 +11:00:     at wrapSafe (node:internal/modules/cjs/loader:1662:18)
2026-02-01 18:57:19 +11:00:     at Module._compile (node:internal/modules/cjs/loader:1704:20)
2026-02-01 18:57:19 +11:00:     at Object..js (node:internal/modules/cjs/loader:1895:10)
2026-02-01 18:57:19 +11:00:     at Module.load (node:internal/modules/cjs/loader:1465:32)
2026-02-01 18:57:19 +11:00:     at Function._load (node:internal/modules/cjs/loader:1282:12)
2026-02-01 18:57:19 +11:00:     at TracingChannel.traceSync (node:diagnostics_channel:322:14)
2026-02-01 18:57:19 +11:00:     at wrapModuleLoad (node:internal/modules/cjs/loader:235:24)
2026-02-01 18:57:19 +11:00:     at Function.executeUserEntryPoint [as runMain] (node:internal/modules/run_main:171:5)
2026-02-01 18:57:19 +11:00:     at node:internal/main/run_main_module:36:49
2026-02-01 18:57:19 +11:00: 
2026-02-01 18:57:19 +11:00: Node.js v22.16.0
2026-02-01 18:57:19 +11:00: C:\Users\Deej\Repos\online-emu\server\node_modules\.bin\next:2
2026-02-01 18:57:19 +11:00: basedir=$(dirname "$(echo "$0" | sed -e 's,\\,/,g')")
2026-02-01 18:57:19 +11:00:           ^^^^^^^
2026-02-01 18:57:19 +11:00: 
2026-02-01 18:57:19 +11:00: SyntaxError: missing ) after argument list
2026-02-01 18:57:19 +11:00:     at wrapSafe (node:internal/modules/cjs/loader:1662:18)
2026-02-01 18:57:19 +11:00:     at Module._compile (node:internal/modules/cjs/loader:1704:20)
2026-02-01 18:57:19 +11:00:     at Object..js (node:internal/modules/cjs/loader:1895:10)
2026-02-01 18:57:19 +11:00:     at Module.load (node:internal/modules/cjs/loader:1465:32)
2026-02-01 18:57:19 +11:00:     at Function._load (node:internal/modules/cjs/loader:1282:12)
2026-02-01 18:57:19 +11:00:     at TracingChannel.traceSync (node:diagnostics_channel:322:14)
2026-02-01 18:57:19 +11:00:     at wrapModuleLoad (node:internal/modules/cjs/loader:235:24)
2026-02-01 18:57:19 +11:00:     at Function.executeUserEntryPoint [as runMain] (node:internal/modules/run_main:171:5)
2026-02-01 18:57:19 +11:00:     at node:internal/main/run_main_module:36:49
2026-02-01 18:57:19 +11:00: 
2026-02-01 18:57:19 +11:00: Node.js v22.16.0
2026-02-01 18:57:19 +11:00: C:\Users\Deej\Repos\online-emu\server\node_modules\.bin\next:2
2026-02-01 18:57:19 +11:00: basedir=$(dirname "$(echo "$0" | sed -e 's,\\,/,g')")
2026-02-01 18:57:19 +11:00:           ^^^^^^^
2026-02-01 18:57:19 +11:00: 
2026-02-01 18:57:19 +11:00: SyntaxError: missing ) after argument list
2026-02-01 18:57:19 +11:00:     at wrapSafe (node:internal/modules/cjs/loader:1662:18)
2026-02-01 18:57:19 +11:00:     at Module._compile (node:internal/modules/cjs/loader:1704:20)
2026-02-01 18:57:19 +11:00:     at Object..js (node:internal/modules/cjs/loader:1895:10)
2026-02-01 18:57:19 +11:00:     at Module.load (node:internal/modules/cjs/loader:1465:32)
2026-02-01 18:57:19 +11:00:     at Function._load (node:internal/modules/cjs/loader:1282:12)
2026-02-01 18:57:19 +11:00:     at TracingChannel.traceSync (node:diagnostics_channel:322:14)
2026-02-01 18:57:19 +11:00:     at wrapModuleLoad (node:internal/modules/cjs/loader:235:24)
2026-02-01 18:57:19 +11:00:     at Function.executeUserEntryPoint [as runMain] (node:internal/modules/run_main:171:5)
2026-02-01 18:57:19 +11:00:     at node:internal/main/run_main_module:36:49
2026-02-01 18:57:19 +11:00: 
2026-02-01 18:57:19 +11:00: Node.js v22.16.0
2026-02-01 18:57:19 +11:00: C:\Users\Deej\Repos\online-emu\server\node_modules\.bin\next:2
2026-02-01 18:57:19 +11:00: basedir=$(dirname "$(echo "$0" | sed -e 's,\\,/,g')")
2026-02-01 18:57:19 +11:00:           ^^^^^^^
2026-02-01 18:57:19 +11:00: 
2026-02-01 18:57:19 +11:00: SyntaxError: missing ) after argument list
2026-02-01 18:57:19 +11:00:     at wrapSafe (node:internal/modules/cjs/loader:1662:18)
2026-02-01 18:57:19 +11:00:     at Module._compile (node:internal/modules/cjs/loader:1704:20)
2026-02-01 18:57:19 +11:00:     at Object..js (node:internal/modules/cjs/loader:1895:10)
2026-02-01 18:57:19 +11:00:     at Module.load (node:internal/modules/cjs/loader:1465:32)
2026-02-01 18:57:19 +11:00:     at Function._load (node:internal/modules/cjs/loader:1282:12)
2026-02-01 18:57:19 +11:00:     at TracingChannel.traceSync (node:diagnostics_channel:322:14)
2026-02-01 18:57:19 +11:00:     at wrapModuleLoad (node:internal/modules/cjs/loader:235:24)
2026-02-01 18:57:19 +11:00:     at Function.executeUserEntryPoint [as runMain] (node:internal/modules/run_main:171:5)
2026-02-01 18:57:19 +11:00:     at node:internal/main/run_main_module:36:49
2026-02-01 18:57:19 +11:00: 
2026-02-01 18:57:19 +11:00: Node.js v22.16.0
2026-02-01 18:57:19 +11:00: C:\Users\Deej\Repos\online-emu\server\node_modules\.bin\next:2
2026-02-01 18:57:19 +11:00: basedir=$(dirname "$(echo "$0" | sed -e 's,\\,/,g')")
2026-02-01 18:57:19 +11:00:           ^^^^^^^
2026-02-01 18:57:19 +11:00: 
2026-02-01 18:57:19 +11:00: SyntaxError: missing ) after argument list
2026-02-01 18:57:19 +11:00:     at wrapSafe (node:internal/modules/cjs/loader:1662:18)
2026-02-01 18:57:19 +11:00:     at Module._compile (node:internal/modules/cjs/loader:1704:20)
2026-02-01 18:57:19 +11:00:     at Object..js (node:internal/modules/cjs/loader:1895:10)
2026-02-01 18:57:19 +11:00:     at Module.load (node:internal/modules/cjs/loader:1465:32)
2026-02-01 18:57:19 +11:00:     at Function._load (node:internal/modules/cjs/loader:1282:12)
2026-02-01 18:57:19 +11:00:     at TracingChannel.traceSync (node:diagnostics_channel:322:14)
2026-02-01 18:57:19 +11:00:     at wrapModuleLoad (node:internal/modules/cjs/loader:235:24)
2026-02-01 18:57:19 +11:00:     at Function.executeUserEntryPoint [as runMain] (node:internal/modules/run_main:171:5)
2026-02-01 18:57:19 +11:00:     at node:internal/main/run_main_module:36:49
2026-02-01 18:57:19 +11:00: 
2026-02-01 18:57:19 +11:00: Node.js v22.16.0
2026-02-01 18:57:19 +11:00: C:\Users\Deej\Repos\online-emu\server\node_modules\.bin\next:2
2026-02-01 18:57:19 +11:00: basedir=$(dirname "$(echo "$0" | sed -e 's,\\,/,g')")
2026-02-01 18:57:19 +11:00:           ^^^^^^^
2026-02-01 18:57:19 +11:00: 
2026-02-01 18:57:19 +11:00: SyntaxError: missing ) after argument list
2026-02-01 18:57:19 +11:00:     at wrapSafe (node:internal/modules/cjs/loader:1662:18)
2026-02-01 18:57:19 +11:00:     at Module._compile (node:internal/modules/cjs/loader:1704:20)
2026-02-01 18:57:19 +11:00:     at Object..js (node:internal/modules/cjs/loader:1895:10)
2026-02-01 18:57:19 +11:00:     at Module.load (node:internal/modules/cjs/loader:1465:32)
2026-02-01 18:57:19 +11:00:     at Function._load (node:internal/modules/cjs/loader:1282:12)
2026-02-01 18:57:19 +11:00:     at TracingChannel.traceSync (node:diagnostics_channel:322:14)
2026-02-01 18:57:19 +11:00:     at wrapModuleLoad (node:internal/modules/cjs/loader:235:24)
2026-02-01 18:57:19 +11:00:     at Function.executeUserEntryPoint [as runMain] (node:internal/modules/run_main:171:5)
2026-02-01 18:57:19 +11:00:     at node:internal/main/run_main_module:36:49
2026-02-01 18:57:19 +11:00: 
2026-02-01 18:57:19 +11:00: Node.js v22.16.0
2026-02-01 18:57:19 +11:00: C:\Users\Deej\Repos\online-emu\server\node_modules\.bin\next:2
2026-02-01 18:57:19 +11:00: basedir=$(dirname "$(echo "$0" | sed -e 's,\\,/,g')")
2026-02-01 18:57:19 +11:00:           ^^^^^^^
2026-02-01 18:57:19 +11:00: 
2026-02-01 18:57:19 +11:00: SyntaxError: missing ) after argument list
2026-02-01 18:57:19 +11:00:     at wrapSafe (node:internal/modules/cjs/loader:1662:18)
2026-02-01 18:57:19 +11:00:     at Module._compile (node:internal/modules/cjs/loader:1704:20)
2026-02-01 18:57:19 +11:00:     at Object..js (node:internal/modules/cjs/loader:1895:10)
2026-02-01 18:57:19 +11:00:     at Module.load (node:internal/modules/cjs/loader:1465:32)
2026-02-01 18:57:19 +11:00:     at Function._load (node:internal/modules/cjs/loader:1282:12)
2026-02-01 18:57:19 +11:00:     at TracingChannel.traceSync (node:diagnostics_channel:322:14)
2026-02-01 18:57:19 +11:00:     at wrapModuleLoad (node:internal/modules/cjs/loader:235:24)
2026-02-01 18:57:19 +11:00:     at Function.executeUserEntryPoint [as runMain] (node:internal/modules/run_main:171:5)
2026-02-01 18:57:19 +11:00:     at node:internal/main/run_main_module:36:49
2026-02-01 18:57:19 +11:00: 
2026-02-01 18:57:19 +11:00: Node.js v22.16.0
2026-02-01 18:57:20 +11:00: C:\Users\Deej\Repos\online-emu\server\node_modules\.bin\next:2
2026-02-01 18:57:20 +11:00: basedir=$(dirname "$(echo "$0" | sed -e 's,\\,/,g')")
2026-02-01 18:57:20 +11:00:           ^^^^^^^
2026-02-01 18:57:20 +11:00: 
2026-02-01 18:57:20 +11:00: SyntaxError: missing ) after argument list
2026-02-01 18:57:20 +11:00:     at wrapSafe (node:internal/modules/cjs/loader:1662:18)
2026-02-01 18:57:20 +11:00:     at Module._compile (node:internal/modules/cjs/loader:1704:20)
2026-02-01 18:57:20 +11:00:     at Object..js (node:internal/modules/cjs/loader:1895:10)
2026-02-01 18:57:20 +11:00:     at Module.load (node:internal/modules/cjs/loader:1465:32)
2026-02-01 18:57:20 +11:00:     at Function._load (node:internal/modules/cjs/loader:1282:12)
2026-02-01 18:57:20 +11:00:     at TracingChannel.traceSync (node:diagnostics_channel:322:14)
2026-02-01 18:57:20 +11:00:     at wrapModuleLoad (node:internal/modules/cjs/loader:235:24)
2026-02-01 18:57:20 +11:00:     at Function.executeUserEntryPoint [as runMain] (node:internal/modules/run_main:171:5)
2026-02-01 18:57:20 +11:00:     at node:internal/main/run_main_module:36:49
2026-02-01 18:57:20 +11:00: 
2026-02-01 18:57:20 +11:00: Node.js v22.16.0
2026-02-01 18:57:20 +11:00: C:\Users\Deej\Repos\online-emu\server\node_modules\.bin\next:2
2026-02-01 18:57:20 +11:00: basedir=$(dirname "$(echo "$0" | sed -e 's,\\,/,g')")
2026-02-01 18:57:20 +11:00:           ^^^^^^^
2026-02-01 18:57:20 +11:00: 
2026-02-01 18:57:20 +11:00: SyntaxError: missing ) after argument list
2026-02-01 18:57:20 +11:00:     at wrapSafe (node:internal/modules/cjs/loader:1662:18)
2026-02-01 18:57:20 +11:00:     at Module._compile (node:internal/modules/cjs/loader:1704:20)
2026-02-01 18:57:20 +11:00:     at Object..js (node:internal/modules/cjs/loader:1895:10)
2026-02-01 18:57:20 +11:00:     at Module.load (node:internal/modules/cjs/loader:1465:32)
2026-02-01 18:57:20 +11:00:     at Function._load (node:internal/modules/cjs/loader:1282:12)
2026-02-01 18:57:20 +11:00:     at TracingChannel.traceSync (node:diagnostics_channel:322:14)
2026-02-01 18:57:20 +11:00:     at wrapModuleLoad (node:internal/modules/cjs/loader:235:24)
2026-02-01 18:57:20 +11:00:     at Function.executeUserEntryPoint [as runMain] (node:internal/modules/run_main:171:5)
2026-02-01 18:57:20 +11:00:     at node:internal/main/run_main_module:36:49
2026-02-01 18:57:20 +11:00: 
2026-02-01 18:57:20 +11:00: Node.js v22.16.0
2026-02-01 18:57:20 +11:00: C:\Users\Deej\Repos\online-emu\server\node_modules\.bin\next:2
2026-02-01 18:57:20 +11:00: basedir=$(dirname "$(echo "$0" | sed -e 's,\\,/,g')")
2026-02-01 18:57:20 +11:00:           ^^^^^^^
2026-02-01 18:57:20 +11:00: 
2026-02-01 18:57:20 +11:00: SyntaxError: missing ) after argument list
2026-02-01 18:57:20 +11:00:     at wrapSafe (node:internal/modules/cjs/loader:1662:18)
2026-02-01 18:57:20 +11:00:     at Module._compile (node:internal/modules/cjs/loader:1704:20)
2026-02-01 18:57:20 +11:00:     at Object..js (node:internal/modules/cjs/loader:1895:10)
2026-02-01 18:57:20 +11:00:     at Module.load (node:internal/modules/cjs/loader:1465:32)
2026-02-01 18:57:20 +11:00:     at Function._load (node:internal/modules/cjs/loader:1282:12)
2026-02-01 18:57:20 +11:00:     at TracingChannel.traceSync (node:diagnostics_channel:322:14)
2026-02-01 18:57:20 +11:00:     at wrapModuleLoad (node:internal/modules/cjs/loader:235:24)
2026-02-01 18:57:20 +11:00:     at Function.executeUserEntryPoint [as runMain] (node:internal/modules/run_main:171:5)
2026-02-01 18:57:20 +11:00:     at node:internal/main/run_main_module:36:49
2026-02-01 18:57:20 +11:00: 
2026-02-01 18:57:20 +11:00: Node.js v22.16.0
2026-02-01 19:18:55 +11:00: Error: aborted
2026-02-01 19:18:55 +11:00:     at ignore-listed frames {
2026-02-01 19:18:55 +11:00:   code: 'ECONNRESET'
2026-02-01 19:18:55 +11:00: }
2026-02-01 19:18:55 +11:00: Error: aborted
2026-02-01 19:18:55 +11:00:     at ignore-listed frames {
2026-02-01 19:18:55 +11:00:   code: 'ECONNRESET'
2026-02-01 19:18:55 +11:00: }
2026-02-01 20:02:38 +11:00: Error: aborted
2026-02-01 20:02:38 +11:00:     at ignore-listed frames {
2026-02-01 20:02:38 +11:00:   code: 'ECONNRESET'
2026-02-01 20:02:38 +11:00: }
2026-02-01 20:02:38 +11:00: Error: aborted
2026-02-01 20:02:38 +11:00:     at ignore-listed frames {
2026-02-01 20:02:38 +11:00:   code: 'ECONNRESET'
2026-02-01 20:02:38 +11:00: }
2026-02-01 21:57:53 +11:00: Error: aborted
2026-02-01 21:57:53 +11:00:     at ignore-listed frames {
2026-02-01 21:57:53 +11:00:   code: 'ECONNRESET'
2026-02-01 21:57:53 +11:00: }
