2026-02-01 18:57:42 +11:00: ▲ Next.js 16.1.6
2026-02-01 18:57:42 +11:00: - Local:         http://localhost:3000
2026-02-01 18:57:42 +11:00: - Network:       http://10.0.0.13:3000
2026-02-01 18:57:42 +11:00: 
2026-02-01 18:57:42 +11:00: ✓ Starting...
2026-02-01 18:57:43 +11:00: ✓ Ready in 777ms
2026-02-01 19:03:17 +11:00: ▲ Next.js 16.1.6
2026-02-01 19:03:17 +11:00: - Local:         http://localhost:3000
2026-02-01 19:03:17 +11:00: - Network:       http://10.0.0.13:3000
2026-02-01 19:03:17 +11:00: 
2026-02-01 19:03:17 +11:00: ✓ Starting...
2026-02-01 19:03:18 +11:00: ✓ Ready in 773ms
2026-02-01 19:08:54 +11:00: [API] Saved state for "Pokemon - Platinum Version (USA)" profile=80efa1f3-412c-4171-9831-5506d20b4290 (7042800 bytes)
2026-02-01 19:19:08 +11:00: [API] Saved state for "Pokemon - Platinum Version (USA)" profile=80efa1f3-412c-4171-9831-5506d20b4290 (7042800 bytes)
2026-02-01 19:19:56 +11:00: [API] Saved state for "Pokemon - Platinum Version (USA)" profile=80efa1f3-412c-4171-9831-5506d20b4290 (7042800 bytes)
2026-02-01 19:24:13 +11:00: [API] Saved state for "Pokemon - Platinum Version (USA)" profile=80efa1f3-412c-4171-9831-5506d20b4290 (7042800 bytes)
2026-02-01 19:43:20 +11:00: ▲ Next.js 16.1.6
2026-02-01 19:43:20 +11:00: - Local:         http://localhost:3000
2026-02-01 19:43:20 +11:00: - Network:       http://10.0.0.13:3000
2026-02-01 19:43:20 +11:00: 
2026-02-01 19:43:20 +11:00: ✓ Starting...
2026-02-01 19:43:21 +11:00: ✓ Ready in 793ms
2026-02-01 19:55:06 +11:00: [API] Saved state for "LEGO Island 2 - the Brickster's Revenge" profile=80efa1f3-412c-4171-9831-5506d20b4290 (4456472 bytes)
2026-02-01 19:55:06 +11:00: [API] Saved SRM for "LEGO Island 2 - the Brickster's Revenge" profile=80efa1f3-412c-4171-9831-5506d20b4290 (131072 bytes)
2026-02-01 19:57:30 +11:00: [API] Saved state for "LEGO Island 2 - the Brickster's Revenge" profile=80efa1f3-412c-4171-9831-5506d20b4290 (4456472 bytes)
2026-02-01 19:57:30 +11:00: [API] Saved SRM for "LEGO Island 2 - the Brickster's Revenge" profile=80efa1f3-412c-4171-9831-5506d20b4290 (131072 bytes)
2026-02-01 19:57:32 +11:00: [API] Saved state for "LEGO Island 2 - the Brickster's Revenge" profile=80efa1f3-412c-4171-9831-5506d20b4290 (4456472 bytes)
2026-02-01 19:57:32 +11:00: [API] Saved SRM for "LEGO Island 2 - the Brickster's Revenge" profile=80efa1f3-412c-4171-9831-5506d20b4290 (131072 bytes)
2026-02-01 19:58:40 +11:00: [API] Saved state for "LEGO Island 2 - the Brickster's Revenge" profile=80efa1f3-412c-4171-9831-5506d20b4290 (4456472 bytes)
2026-02-01 19:58:41 +11:00: [API] Saved SRM for "LEGO Island 2 - the Brickster's Revenge" profile=80efa1f3-412c-4171-9831-5506d20b4290 (131072 bytes)
2026-02-01 20:01:03 +11:00: [API] Saved SRM for "LEGO Island 2 - the Brickster's Revenge" profile=80efa1f3-412c-4171-9831-5506d20b4290 (131072 bytes)
2026-02-01 20:16:01 +11:00: [API] Saved state for "fire_emblemthe_sacred_stones" profile=80efa1f3-412c-4171-9831-5506d20b4290 (430168 bytes)
2026-02-01 20:16:02 +11:00: [API] Saved SRM for "fire_emblemthe_sacred_stones" profile=80efa1f3-412c-4171-9831-5506d20b4290 (32768 bytes)
2026-02-01 20:16:02 +11:00: [API] Saved state for "fire_emblemthe_sacred_stones" profile=80efa1f3-412c-4171-9831-5506d20b4290 (430168 bytes)
2026-02-01 20:16:02 +11:00: [API] Saved SRM for "fire_emblemthe_sacred_stones" profile=80efa1f3-412c-4171-9831-5506d20b4290 (32768 bytes)
2026-02-01 20:26:37 +11:00: [API] Saved state for "fire_emblemthe_sacred_stones" profile=80efa1f3-412c-4171-9831-5506d20b4290 (430168 bytes)
2026-02-01 20:26:38 +11:00: [API] Saved SRM for "fire_emblemthe_sacred_stones" profile=80efa1f3-412c-4171-9831-5506d20b4290 (32768 bytes)
2026-02-01 20:26:39 +11:00: [API] Saved state for "fire_emblemthe_sacred_stones" profile=80efa1f3-412c-4171-9831-5506d20b4290 (430168 bytes)
2026-02-01 20:26:39 +11:00: [API] Saved SRM for "fire_emblemthe_sacred_stones" profile=80efa1f3-412c-4171-9831-5506d20b4290 (32768 bytes)
2026-02-01 20:30:24 +11:00: [API] Saved SRM for "fire_emblemthe_sacred_stones" profile=80efa1f3-412c-4171-9831-5506d20b4290 (32768 bytes)
2026-02-01 20:30:25 +11:00: [API] Saved state for "fire_emblemthe_sacred_stones" profile=80efa1f3-412c-4171-9831-5506d20b4290 (430168 bytes)
2026-02-01 20:30:25 +11:00: [API] Saved SRM for "fire_emblemthe_sacred_stones" profile=80efa1f3-412c-4171-9831-5506d20b4290 (32768 bytes)
2026-02-01 20:35:42 +11:00: [API] Saved state for "fire_emblemthe_sacred_stones" profile=80efa1f3-412c-4171-9831-5506d20b4290 (430168 bytes)
2026-02-01 20:35:42 +11:00: [API] Saved SRM for "fire_emblemthe_sacred_stones" profile=80efa1f3-412c-4171-9831-5506d20b4290 (32768 bytes)
2026-02-01 20:35:43 +11:00: [API] Saved state for "fire_emblemthe_sacred_stones" profile=80efa1f3-412c-4171-9831-5506d20b4290 (430168 bytes)
2026-02-01 20:35:43 +11:00: [API] Saved SRM for "fire_emblemthe_sacred_stones" profile=80efa1f3-412c-4171-9831-5506d20b4290 (32768 bytes)
2026-02-01 20:52:04 +11:00: ▲ Next.js 16.1.6
2026-02-01 20:52:04 +11:00: - Local:         http://localhost:3000
2026-02-01 20:52:04 +11:00: - Network:       http://10.0.0.13:3000
2026-02-01 20:52:04 +11:00: 
2026-02-01 20:52:04 +11:00: ✓ Starting...
2026-02-01 20:52:04 +11:00: ✓ Ready in 908ms
2026-02-01 20:58:15 +11:00: ▲ Next.js 16.1.6
2026-02-01 20:58:15 +11:00: - Local:         http://localhost:3000
2026-02-01 20:58:15 +11:00: - Network:       http://10.0.0.13:3000
2026-02-01 20:58:15 +11:00: 
2026-02-01 20:58:15 +11:00: ✓ Starting...
2026-02-01 20:58:16 +11:00: ✓ Ready in 841ms
2026-02-01 21:32:21 +11:00: [API] Loaded SRM for "fire_emblemthe_sacred_stones" profile=80efa1f3-412c-4171-9831-5506d20b4290 (32768 bytes)
2026-02-02 21:20:18 +11:00: [API] Saved state for "Aaahh!!! Real Monsters" profile=80efa1f3-412c-4171-9831-5506d20b4290 (1036312 bytes)
2026-02-02 21:23:42 +11:00: [API] Saved state for "Aaahh!!! Real Monsters" profile=80efa1f3-412c-4171-9831-5506d20b4290 (1036312 bytes)
2026-02-02 22:29:25 +11:00: [API] Loaded SRM for "fire_emblemthe_sacred_stones" profile=80efa1f3-412c-4171-9831-5506d20b4290 (32768 bytes)
2026-02-02 22:30:54 +11:00: [API] Saved state for "fire_emblemthe_sacred_stones" profile=80efa1f3-412c-4171-9831-5506d20b4290 (430168 bytes)
2026-02-02 22:30:54 +11:00: [API] Saved SRM for "fire_emblemthe_sacred_stones" profile=80efa1f3-412c-4171-9831-5506d20b4290 (32768 bytes)
2026-02-02 22:30:55 +11:00: [API] Saved state for "fire_emblemthe_sacred_stones" profile=80efa1f3-412c-4171-9831-5506d20b4290 (430168 bytes)
2026-02-02 22:30:55 +11:00: [API] Saved SRM for "fire_emblemthe_sacred_stones" profile=80efa1f3-412c-4171-9831-5506d20b4290 (32768 bytes)
2026-02-02 22:31:53 +11:00: [API] Saved SRM for "fire_emblemthe_sacred_stones" profile=80efa1f3-412c-4171-9831-5506d20b4290 (32768 bytes)
2026-02-02 22:31:53 +11:00: [API] Saved state for "fire_emblemthe_sacred_stones" profile=80efa1f3-412c-4171-9831-5506d20b4290 (430168 bytes)
2026-02-02 22:31:53 +11:00: [API] Saved SRM for "fire_emblemthe_sacred_stones" profile=80efa1f3-412c-4171-9831-5506d20b4290 (32768 bytes)
2026-02-02 22:34:34 +11:00: [API] Saved state for "fire_emblemthe_sacred_stones" profile=80efa1f3-412c-4171-9831-5506d20b4290 (430168 bytes)
2026-02-02 22:34:34 +11:00: [API] Saved SRM for "fire_emblemthe_sacred_stones" profile=80efa1f3-412c-4171-9831-5506d20b4290 (32768 bytes)
2026-02-02 22:39:34 +11:00: [API] Saved state for "fire_emblemthe_sacred_stones" profile=80efa1f3-412c-4171-9831-5506d20b4290 (430168 bytes)
2026-02-02 22:39:34 +11:00: [API] Saved SRM for "fire_emblemthe_sacred_stones" profile=80efa1f3-412c-4171-9831-5506d20b4290 (32768 bytes)
2026-02-02 22:39:34 +11:00: [API] Saved state for "fire_emblemthe_sacred_stones" profile=80efa1f3-412c-4171-9831-5506d20b4290 (430168 bytes)
2026-02-02 22:39:34 +11:00: [API] Saved SRM for "fire_emblemthe_sacred_stones" profile=80efa1f3-412c-4171-9831-5506d20b4290 (32768 bytes)
2026-02-02 22:42:41 +11:00: [API] Saved state for "fire_emblemthe_sacred_stones" profile=80efa1f3-412c-4171-9831-5506d20b4290 (430168 bytes)
2026-02-02 22:42:42 +11:00: [API] Saved SRM for "fire_emblemthe_sacred_stones" profile=80efa1f3-412c-4171-9831-5506d20b4290 (32768 bytes)
2026-02-02 22:48:20 +11:00: [API] Saved state for "fire_emblemthe_sacred_stones" profile=80efa1f3-412c-4171-9831-5506d20b4290 (430168 bytes)
2026-02-02 22:48:20 +11:00: [API] Saved SRM for "fire_emblemthe_sacred_stones" profile=80efa1f3-412c-4171-9831-5506d20b4290 (32768 bytes)
2026-02-02 22:48:22 +11:00: [API] Saved state for "fire_emblemthe_sacred_stones" profile=80efa1f3-412c-4171-9831-5506d20b4290 (430168 bytes)
2026-02-02 22:48:22 +11:00: [API] Saved SRM for "fire_emblemthe_sacred_stones" profile=80efa1f3-412c-4171-9831-5506d20b4290 (32768 bytes)
2026-02-03 07:26:45 +11:00: ▲ Next.js 16.1.6
2026-02-03 07:26:45 +11:00: - Local:         http://localhost:3000
2026-02-03 07:26:45 +11:00: - Network:       http://10.0.0.13:3000
2026-02-03 07:26:45 +11:00: 
2026-02-03 07:26:45 +11:00: ✓ Starting...
2026-02-03 07:26:45 +11:00: ✓ Ready in 805ms
